<?xml version="1.0" encoding="UTF-8"?>
<!-- Generated by org.testng.reporters.JUnitXMLReporter -->
<testsuite hostname="GDC-NitinTh-LPT" ignored="0" name="Test" tests="14" failures="0" timestamp="22 Feb 2019 05:57:36 GMT" time="6.858" errors="0">
  <testcase name="@BeforeClass launch_app" time="6.815" classname="BaseScenario.BaseClass">
    <failure type="org.openqa.selenium.NoSuchSessionException" message="A session is either terminated or not started
Build info: version: &amp;apos;3.141.59&amp;apos;, revision: &amp;apos;e82be7d358&amp;apos;, time: &amp;apos;2018-11-14T08:17:03&amp;apos;
System info: host: &amp;apos;GDC-NITINTH-LPT&amp;apos;, ip: &amp;apos;172.16.50.76&amp;apos;, os.name: &amp;apos;Windows 10&amp;apos;, os.arch: &amp;apos;amd64&amp;apos;, os.version: &amp;apos;10.0&amp;apos;, java.version: &amp;apos;1.8.0_191&amp;apos;
Driver info: io.appium.java_client.android.AndroidDriver
Capabilities {appActivity: com.mvvm.ui.splash.ImRideSp..., appPackage: com.activescaler.imride, autoGrantPermissions: true, databaseEnabled: false, desired: {appActivity: com.mvvm.ui.splash.ImRideSp..., appPackage: com.activescaler.imride, autoGrantPermissions: true, deviceName: OnePlus 6T, platformName: android, platformVersion: 9, resetKeyboard: true, udid: e8d49e7d, unicodeKeyboard: true}, deviceManufacturer: OnePlus, deviceModel: ONEPLUS A6010, deviceName: e8d49e7d, deviceScreenSize: 1080x2340, deviceUDID: e8d49e7d, javascriptEnabled: true, locationContextEnabled: false, networkConnectionEnabled: true, platform: LINUX, platformName: Android, platformVersion: 9, resetKeyboard: true, takesScreenshot: true, udid: e8d49e7d, unicodeKeyboard: true, warnings: {}, webStorageEnabled: false}
Session ID: 32a92f39-b4b6-4a4e-92b7-adbcd88437cd">
      <![CDATA[org.openqa.selenium.NoSuchSessionException: A session is either terminated or not started
Build info: version: '3.141.59', revision: 'e82be7d358', time: '2018-11-14T08:17:03'
System info: host: 'GDC-NITINTH-LPT', ip: '172.16.50.76', os.name: 'Windows 10', os.arch: 'amd64', os.version: '10.0', java.version: '1.8.0_191'
Driver info: io.appium.java_client.android.AndroidDriver
Capabilities {appActivity: com.mvvm.ui.splash.ImRideSp..., appPackage: com.activescaler.imride, autoGrantPermissions: true, databaseEnabled: false, desired: {appActivity: com.mvvm.ui.splash.ImRideSp..., appPackage: com.activescaler.imride, autoGrantPermissions: true, deviceName: OnePlus 6T, platformName: android, platformVersion: 9, resetKeyboard: true, udid: e8d49e7d, unicodeKeyboard: true}, deviceManufacturer: OnePlus, deviceModel: ONEPLUS A6010, deviceName: e8d49e7d, deviceScreenSize: 1080x2340, deviceUDID: e8d49e7d, javascriptEnabled: true, locationContextEnabled: false, networkConnectionEnabled: true, platform: LINUX, platformName: Android, platformVersion: 9, resetKeyboard: true, takesScreenshot: true, udid: e8d49e7d, unicodeKeyboard: true, warnings: {}, webStorageEnabled: false}
Session ID: 32a92f39-b4b6-4a4e-92b7-adbcd88437cd
at org.openqa.selenium.remote.http.W3CHttpResponseCodec.createException(W3CHttpResponseCodec.java:187)
at org.openqa.selenium.remote.http.W3CHttpResponseCodec.decode(W3CHttpResponseCodec.java:122)
at org.openqa.selenium.remote.http.W3CHttpResponseCodec.decode(W3CHttpResponseCodec.java:49)
at org.openqa.selenium.remote.HttpCommandExecutor.execute(HttpCommandExecutor.java:158)
at io.appium.java_client.remote.AppiumCommandExecutor.execute(AppiumCommandExecutor.java:239)
at org.openqa.selenium.remote.RemoteWebDriver.execute(RemoteWebDriver.java:552)
at io.appium.java_client.DefaultGenericMobileDriver.execute(DefaultGenericMobileDriver.java:46)
at io.appium.java_client.AppiumDriver.execute(AppiumDriver.java:1)
at io.appium.java_client.android.AndroidDriver.execute(AndroidDriver.java:1)
at io.appium.java_client.HasSessionDetails.getSessionDetails(HasSessionDetails.java:39)
at io.appium.java_client.HasSessionDetails.getSessionDetail(HasSessionDetails.java:56)
at io.appium.java_client.HasSessionDetails.getPlatformName(HasSessionDetails.java:65)
at io.appium.java_client.internal.JsonToMobileElementConverter.<init>(JsonToMobileElementConverter.java:49)
at io.appium.java_client.AppiumDriver.<init>(AppiumDriver.java:89)
at io.appium.java_client.AppiumDriver.<init>(AppiumDriver.java:94)
at io.appium.java_client.android.AndroidDriver.<init>(AndroidDriver.java:95)
at BaseScenario.BaseClass.launch_app(BaseClass.java:62)
... Removed 30 stack frames]]>
    </failure>
  </testcase> <!-- @BeforeClass launch_app -->
  <testcase name="EnterNumber" time="0.0" classname="UITestCases.TC_VerificationScreenUI">
    <skipped/>
  </testcase> <!-- EnterNumber -->
  <testcase name="EnterCode" time="0.0" classname="UITestCases.TC_VerificationScreenUI">
    <skipped/>
  </testcase> <!-- EnterCode -->
  <testcase name="VerifyNumber" time="0.0" classname="UITestCases.TC_VerificationScreenUI">
    <skipped/>
  </testcase> <!-- VerifyNumber -->
  <testcase name="CreateProfile" time="0.0" classname="UITestCases.TC_VerificationScreenUI">
    <skipped/>
  </testcase> <!-- CreateProfile -->
  <testcase name="verify_profile" time="0.0" classname="UITestCases.TC_VerificationScreenUI">
    <skipped/>
  </testcase> <!-- verify_profile -->
  <testcase name="search_source" time="0.0" classname="UITestCases.TC_VerificationScreenUI">
    <skipped/>
  </testcase> <!-- search_source -->
  <testcase name="search_destination" time="0.0" classname="UITestCases.TC_VerificationScreenUI">
    <skipped/>
  </testcase> <!-- search_destination -->
  <testcase name="search_selecttime" time="0.0" classname="UITestCases.TC_VerificationScreenUI">
    <skipped/>
  </testcase> <!-- search_selecttime -->
  <testcase name="search" time="0.0" classname="UITestCases.TC_VerificationScreenUI">
    <skipped/>
  </testcase> <!-- search -->
  <testcase name="whyareyoutravelling" time="0.0" classname="UITestCases.TC_VerificationScreenUI">
    <skipped/>
  </testcase> <!-- whyareyoutravelling -->
  <testcase name="select_trip" time="0.0" classname="UITestCases.TC_VerificationScreenUI">
    <skipped/>
  </testcase> <!-- select_trip -->
  <testcase name="booktrip" time="0.0" classname="UITestCases.TC_VerificationScreenUI">
    <skipped/>
  </testcase> <!-- booktrip -->
  <testcase name="add_travler" time="0.0" classname="UITestCases.TC_VerificationScreenUI">
    <skipped/>
  </testcase> <!-- add_travler -->
  <testcase name="add_payment" time="0.0" classname="UITestCases.TC_VerificationScreenUI">
    <skipped/>
  </testcase> <!-- add_payment -->
</testsuite> <!-- Test -->
