<?xml version="1.0" encoding="UTF-8"?>
<!-- Generated by org.testng.reporters.JUnitXMLReporter -->
<testsuite hostname="GDC-NitinTh-LPT" ignored="0" name="Test" tests="1" failures="1" timestamp="23 Jan 2019 06:37:15 GMT" time="8.229" errors="0">
  <testcase name="Verify_Home_Page_Ui" time="0.007" classname="UITestCases.TC1">
    <failure type="java.lang.NullPointerException">
      <![CDATA[java.lang.NullPointerException
at UITestCases.TC1.Verify_Home_Page_Ui(TC1.java:16)
... Removed 25 stack frames]]>
    </failure>
  </testcase> <!-- Verify_Home_Page_Ui -->
</testsuite> <!-- Test -->
